Using pre-set license
Built from '2020.2/release' branch; Version is '2020.2.2f1 (068178b99f32) revision 426360'; Using compiler version '192528614'; Build Type 'Release'
OS: 'Windows 10 Pro; OS build 19042.1237; Version 2009; 64bit' Language: 'en' Physical Memory: 32716 MB
BatchMode: 1, IsHumanControllingUs: 0, StartBugReporterOnCrash: 0, Is64bit: 1, IsPro: 0

 COMMAND LINE ARGUMENTS:
C:\Program Files\Unity\Hub\Editor\2020.2.2f1\Editor\Unity.exe
-adb2
-batchMode
-noUpm
-name
AssetImportWorker0
-projectPath
D:/Unity/Repos/Unity2d/2DPlatformerTutorial
-logFile
Logs/AssetImportWorker0.log
-srvPort
58196
Successfully changed project path to: D:/Unity/Repos/Unity2d/2DPlatformerTutorial
D:/Unity/Repos/Unity2d/2DPlatformerTutorial
Using Asset Import Pipeline V2.
Refreshing native plugins compatible for Editor in 89.94 ms, found 1 plugins.
Preloading 0 native plugins for Editor in 0.00 ms.
Initialize engine version: 2020.2.2f1 (068178b99f32)
[Subsystems] Discovering subsystems at path C:/Program Files/Unity/Hub/Editor/2020.2.2f1/Editor/Data/Resources/UnitySubsystems
[Subsystems] Discovering subsystems at path D:/Unity/Repos/Unity2d/2DPlatformerTutorial/Assets
GfxDevice: creating device client; threaded=0
Direct3D:
    Version:  Direct3D 11.0 [level 11.1]
    Renderer: NVIDIA GeForce RTX 2070 SUPER (ID=0x1e84)
    Vendor:   
    VRAM:     8011 MB
    Driver:   30.0.14.7212
Initialize mono
Mono path[0] = 'C:/Program Files/Unity/Hub/Editor/2020.2.2f1/Editor/Data/Managed'
Mono path[1] = 'C:/Program Files/Unity/Hub/Editor/2020.2.2f1/Editor/Data/MonoBleedingEdge/lib/mono/unityjit'
Mono config path = 'C:/Program Files/Unity/Hub/Editor/2020.2.2f1/Editor/Data/MonoBleedingEdge/etc'
Using monoOptions --debugger-agent=transport=dt_socket,embedding=1,server=y,suspend=n,address=127.0.0.1:56072
Begin MonoManager ReloadAssembly
Registering precompiled unity dll's ...
Register platform support module: C:/Program Files/Unity/Hub/Editor/2020.2.2f1/Editor/Data/PlaybackEngines/WindowsStandaloneSupport/UnityEditor.WindowsStandalone.Extensions.dll
Registered in 0.003347 seconds.
Native extension for WindowsStandalone target not found
Refreshing native plugins compatible for Editor in 79.62 ms, found 1 plugins.
Preloading 0 native plugins for Editor in 0.00 ms.
Invoked RoslynAnalysisRunner static constructor.
RoslynAnalysisRunner will not be running.
RoslynAnalysisRunner has terminated.
Mono: successfully reloaded assembly
- Completed reload, in  1.625 seconds
Platform modules already initialized, skipping
Registering precompiled user dll's ...
Registered in 0.001450 seconds.
Begin MonoManager ReloadAssembly
Native extension for WindowsStandalone target not found
Refreshing native plugins compatible for Editor in 59.90 ms, found 1 plugins.
Preloading 0 native plugins for Editor in 0.00 ms.
Invoked RoslynAnalysisRunner static constructor.
RoslynAnalysisRunner will not be running.
RoslynAnalysisRunner has terminated.
Mono: successfully reloaded assembly
- Completed reload, in  1.575 seconds
Platform modules already initialized, skipping
========================================================================
Worker process is ready to serve import requests
Launched and connected shader compiler UnityShaderCompiler.exe after 0.07 seconds
Refreshing native plugins compatible for Editor in 1.91 ms, found 1 plugins.
Preloading 0 native plugins for Editor in 0.00 ms.
Unloading 2310 Unused Serialized files (Serialized files now loaded: 0)
System memory in use before: 107.5 MB.
System memory in use after: 107.7 MB.

Unloading 21 unused Assets to reduce memory usage. Loaded Objects now: 2774.
Total: 6.863300 ms (FindLiveObjects: 0.536400 ms CreateObjectMapping: 0.087600 ms MarkObjects: 6.150100 ms  DeleteObjects: 0.086100 ms)

========================================================================
Received Import Request.
  path: Assets/Animations/Animations/Enemy/Enemy2
  artifactKey: Guid(661821ffe1ca89a4f9f2c2efa3c98a81) Importer(815301076,1909f56bfc062723c751e8b465ee728b)
Start importing Assets/Animations/Animations/Enemy/Enemy2 using Guid(661821ffe1ca89a4f9f2c2efa3c98a81) Importer(815301076,1909f56bfc062723c751e8b465ee728b)  -> (artifact id: 'befe576b0e34b96f87a1583233fdb807') in 0.030928 seconds
  Import took 0.052966 seconds .

========================================================================
Received Import Request.
  Time since last request: 0.000339 seconds.
  path: Assets/Animations/Animations/Enemy/Enemy1
  artifactKey: Guid(bb6297cbb03ca0e43b72667d186762e0) Importer(815301076,1909f56bfc062723c751e8b465ee728b)
Start importing Assets/Animations/Animations/Enemy/Enemy1 using Guid(bb6297cbb03ca0e43b72667d186762e0) Importer(815301076,1909f56bfc062723c751e8b465ee728b)  -> (artifact id: '5b05a05df62368936cadd240283dc805') in 0.013909 seconds
  Import took 0.021135 seconds .

========================================================================
Received Import Request.
  Time since last request: 1.575788 seconds.
  path: Assets/Animations/Animations/Enemy/Enemy2/Enemy2_DodgeUp.anim
  artifactKey: Guid(9a9c9a2b6d810a34cb4235648a276d2e) Importer(815301076,1909f56bfc062723c751e8b465ee728b)
Start importing Assets/Animations/Animations/Enemy/Enemy2/Enemy2_DodgeUp.anim using Guid(9a9c9a2b6d810a34cb4235648a276d2e) Importer(815301076,1909f56bfc062723c751e8b465ee728b)  -> (artifact id: 'e9c88c8e3b9e2d3a41377fd6aa1d9725') in 0.069106 seconds
  Import took 0.085913 seconds .

========================================================================
Received Import Request.
  Time since last request: 0.004681 seconds.
  path: Assets/Animations/Animations/Enemy/Enemy2/Enemy2_DodgeUp.anim
  artifactKey: Guid(9a9c9a2b6d810a34cb4235648a276d2e) Importer(815301076,1909f56bfc062723c751e8b465ee728b)
Start importing Assets/Animations/Animations/Enemy/Enemy2/Enemy2_DodgeUp.anim using Guid(9a9c9a2b6d810a34cb4235648a276d2e) Importer(815301076,1909f56bfc062723c751e8b465ee728b)  -> (artifact id: 'e9c88c8e3b9e2d3a41377fd6aa1d9725') in 0.006336 seconds
  Import took 0.016259 seconds .

========================================================================
Received Import Request.
  Time since last request: 13.050598 seconds.
  path: Assets/Scripts/Enemies/EnemySpecific
  artifactKey: Guid(743d7840b3a27274f9d3d0973ac02473) Importer(815301076,1909f56bfc062723c751e8b465ee728b)
Start importing Assets/Scripts/Enemies/EnemySpecific using Guid(743d7840b3a27274f9d3d0973ac02473) Importer(815301076,1909f56bfc062723c751e8b465ee728b)  -> (artifact id: '89e8c647579505c31d02b80f511c1bf6') in 0.100869 seconds
  Import took 0.283264 seconds .

========================================================================
Received Import Request.
  Time since last request: 1.108919 seconds.
  path: Assets/Scripts/Enemies/EnemySpecific/Enemy2
  artifactKey: Guid(572b47eb908586643a31726c97141fb4) Importer(815301076,1909f56bfc062723c751e8b465ee728b)
Start importing Assets/Scripts/Enemies/EnemySpecific/Enemy2 using Guid(572b47eb908586643a31726c97141fb4) Importer(815301076,1909f56bfc062723c751e8b465ee728b)  -> (artifact id: '455df303f612c18432010b919fc149ee') in 0.006013 seconds
  Import took 0.016753 seconds .

========================================================================
Received Import Request.
  Time since last request: 2.667575 seconds.
  path: Assets/Scripts/Enemies/EnemySpecific/Enemy2/Data
  artifactKey: Guid(8d991731d8a8c3140a6da842a23aa3ca) Importer(815301076,1909f56bfc062723c751e8b465ee728b)
Start importing Assets/Scripts/Enemies/EnemySpecific/Enemy2/Data using Guid(8d991731d8a8c3140a6da842a23aa3ca) Importer(815301076,1909f56bfc062723c751e8b465ee728b)  -> (artifact id: '90023c93b00a92222b076f893a305fa7') in 0.026784 seconds
  Import took 0.035633 seconds .

========================================================================
Received Import Request.
  Time since last request: 1.203868 seconds.
  path: Assets/Scripts/Enemies/EnemySpecific/Enemy2/Data/E2_BaseData.asset
  artifactKey: Guid(2cb7713a1aae6af41ba4994af198be1e) Importer(815301076,1909f56bfc062723c751e8b465ee728b)
Start importing Assets/Scripts/Enemies/EnemySpecific/Enemy2/Data/E2_BaseData.asset using Guid(2cb7713a1aae6af41ba4994af198be1e) Importer(815301076,1909f56bfc062723c751e8b465ee728b)  -> (artifact id: '9b521d63f6cbb7c280fe6b2819d62201') in 0.016923 seconds
  Import took 0.025889 seconds .

========================================================================
Received Import Request.
  Time since last request: 0.000382 seconds.
  path: Assets/Scripts/Enemies/EnemySpecific/Enemy2/Data/E2_PlayerDetectedStateData.asset
  artifactKey: Guid(5236763b09303aa46a9623168b99ae17) Importer(815301076,1909f56bfc062723c751e8b465ee728b)
Start importing Assets/Scripts/Enemies/EnemySpecific/Enemy2/Data/E2_PlayerDetectedStateData.asset using Guid(5236763b09303aa46a9623168b99ae17) Importer(815301076,1909f56bfc062723c751e8b465ee728b)  -> (artifact id: '0e95da83e1d1d41c6291b79510c32b16') in 0.010388 seconds
  Import took 0.017933 seconds .

========================================================================
Received Import Request.
  Time since last request: 0.000333 seconds.
  path: Assets/Scripts/Enemies/EnemySpecific/Enemy2/Data/E2_RangedAttackStateData.asset
  artifactKey: Guid(d6a539c3507c49c4699f87ce020508cf) Importer(815301076,1909f56bfc062723c751e8b465ee728b)
Start importing Assets/Scripts/Enemies/EnemySpecific/Enemy2/Data/E2_RangedAttackStateData.asset using Guid(d6a539c3507c49c4699f87ce020508cf) Importer(815301076,1909f56bfc062723c751e8b465ee728b)  -> (artifact id: 'fdf3270c222f7baad0fcd3afe167bb42') in 0.029691 seconds
  Import took 0.036653 seconds .

========================================================================
Received Import Request.
  Time since last request: 0.000565 seconds.
  path: Assets/Scripts/Enemies/EnemySpecific/Enemy2/Data/E2_MeleeAttackStateData.asset
  artifactKey: Guid(136293104e27c7a44a50ad59b7ae9083) Importer(815301076,1909f56bfc062723c751e8b465ee728b)
Start importing Assets/Scripts/Enemies/EnemySpecific/Enemy2/Data/E2_MeleeAttackStateData.asset using Guid(136293104e27c7a44a50ad59b7ae9083) Importer(815301076,1909f56bfc062723c751e8b465ee728b)  -> (artifact id: '710c9bda61a786c604e3e57875fe2207') in 0.015018 seconds
  Import took 0.022389 seconds .

========================================================================
Received Import Request.
  Time since last request: 0.000870 seconds.
  path: Assets/Scripts/Enemies/EnemySpecific/Enemy2/Data/E2_DodgeStateData.asset
  artifactKey: Guid(487f67dfef6dc964483f385e05d75287) Importer(815301076,1909f56bfc062723c751e8b465ee728b)
Start importing Assets/Scripts/Enemies/EnemySpecific/Enemy2/Data/E2_DodgeStateData.asset using Guid(487f67dfef6dc964483f385e05d75287) Importer(815301076,1909f56bfc062723c751e8b465ee728b)  -> (artifact id: 'f20709521f56ee168be35e132f0eef7b') in 0.027350 seconds
  Import took 0.037163 seconds .

========================================================================
Received Import Request.
  Time since last request: 0.000436 seconds.
  path: Assets/Scripts/Enemies/EnemySpecific/Enemy2/Data/E2_MoveStateData.asset
  artifactKey: Guid(8ebfda6d929feea4d85f425217c21fab) Importer(815301076,1909f56bfc062723c751e8b465ee728b)
Start importing Assets/Scripts/Enemies/EnemySpecific/Enemy2/Data/E2_MoveStateData.asset using Guid(8ebfda6d929feea4d85f425217c21fab) Importer(815301076,1909f56bfc062723c751e8b465ee728b)  -> (artifact id: '1558549af410407106fcb1e0490223d0') in 0.016808 seconds
  Import took 0.031075 seconds .

========================================================================
Received Import Request.
  Time since last request: 0.000848 seconds.
  path: Assets/Scripts/Enemies/EnemySpecific/Enemy2/Data/E2_StunStateData.asset
  artifactKey: Guid(a0c7bcbff87fa814288bb6bd2abdf021) Importer(815301076,1909f56bfc062723c751e8b465ee728b)
Start importing Assets/Scripts/Enemies/EnemySpecific/Enemy2/Data/E2_StunStateData.asset using Guid(a0c7bcbff87fa814288bb6bd2abdf021) Importer(815301076,1909f56bfc062723c751e8b465ee728b)  -> (artifact id: '89ab3b92d0199c9ea53d2bb61f9bbfbb') in 0.018223 seconds
  Import took 0.036109 seconds .

========================================================================
Received Import Request.
  Time since last request: 0.000581 seconds.
  path: Assets/Scripts/Enemies/EnemySpecific/Enemy2/Data/E2_IdleStateData.asset
  artifactKey: Guid(2a26da42803478941a872cf2c8c5e7e4) Importer(815301076,1909f56bfc062723c751e8b465ee728b)
Start importing Assets/Scripts/Enemies/EnemySpecific/Enemy2/Data/E2_IdleStateData.asset using Guid(2a26da42803478941a872cf2c8c5e7e4) Importer(815301076,1909f56bfc062723c751e8b465ee728b)  -> (artifact id: 'ab4cc436407c41e4c7785bc9fa6920c6') in 0.043815 seconds
  Import took 0.063008 seconds .

========================================================================
Received Import Request.
  Time since last request: 0.000553 seconds.
  path: Assets/Scripts/Enemies/EnemySpecific/Enemy2/Data/E2_DeadStateData.asset
  artifactKey: Guid(8402af20b036a8449b0e5803f6a4e871) Importer(815301076,1909f56bfc062723c751e8b465ee728b)
Start importing Assets/Scripts/Enemies/EnemySpecific/Enemy2/Data/E2_DeadStateData.asset using Guid(8402af20b036a8449b0e5803f6a4e871) Importer(815301076,1909f56bfc062723c751e8b465ee728b)  -> (artifact id: 'f7802ed8992393626a092b16d78655a3') in 0.021839 seconds
  Import took 0.031256 seconds .

========================================================================
Received Import Request.
  Time since last request: 0.000383 seconds.
  path: Assets/Scripts/Enemies/EnemySpecific/Enemy2/Data/E2_LookForPlayerStateData.asset
  artifactKey: Guid(cc785f34fb8e9a841b92246ac4b8c82b) Importer(815301076,1909f56bfc062723c751e8b465ee728b)
Start importing Assets/Scripts/Enemies/EnemySpecific/Enemy2/Data/E2_LookForPlayerStateData.asset using Guid(cc785f34fb8e9a841b92246ac4b8c82b) Importer(815301076,1909f56bfc062723c751e8b465ee728b)  -> (artifact id: 'ecbd75cbc5003b662fc8bfed3296d044') in 0.016747 seconds
  Import took 0.024597 seconds .

========================================================================
Received Import Request.
  Time since last request: 9229.702283 seconds.
  path: Assets/Scripts/Enemies/State Machine/State.cs
  artifactKey: Guid(b46acae0ae91ea34aa7b409154625f94) Importer(815301076,1909f56bfc062723c751e8b465ee728b)
Start importing Assets/Scripts/Enemies/State Machine/State.cs using Guid(b46acae0ae91ea34aa7b409154625f94) Importer(815301076,1909f56bfc062723c751e8b465ee728b)  -> (artifact id: 'c19ccf87634cb91a5666a12cbabde57a') in 0.045586 seconds
  Import took 0.151254 seconds .

========================================================================
Received Import Request.
  Time since last request: 0.414457 seconds.
  path: Assets/Scripts/Enemies/State Machine/FiniteStateMachine.cs
  artifactKey: Guid(f0d879668e289934f9afb5b0747585f6) Importer(815301076,1909f56bfc062723c751e8b465ee728b)
Start importing Assets/Scripts/Enemies/State Machine/FiniteStateMachine.cs using Guid(f0d879668e289934f9afb5b0747585f6) Importer(815301076,1909f56bfc062723c751e8b465ee728b)  -> (artifact id: '27292bf3a2907a0c0c5f274978f86db2') in 0.010502 seconds
  Import took 0.026866 seconds .

========================================================================
Received Import Request.
  Time since last request: 4.460525 seconds.
  path: Assets/Scripts/AnimationToStateMachine.cs
  artifactKey: Guid(7e162b54cad49cc48af623dcbec04cf4) Importer(815301076,1909f56bfc062723c751e8b465ee728b)
Start importing Assets/Scripts/AnimationToStateMachine.cs using Guid(7e162b54cad49cc48af623dcbec04cf4) Importer(815301076,1909f56bfc062723c751e8b465ee728b)  -> (artifact id: '2f97987d47a8cd3c7e2fb3bd4058afea') in 0.011488 seconds
  Import took 0.031354 seconds .

========================================================================
Received Import Request.
  Time since last request: 41.011129 seconds.
  path: Assets/Scripts/ParticleController.cs
  artifactKey: Guid(f3a4c50f7a07de043958b6a4a8f79994) Importer(815301076,1909f56bfc062723c751e8b465ee728b)
Start importing Assets/Scripts/ParticleController.cs using Guid(f3a4c50f7a07de043958b6a4a8f79994) Importer(815301076,1909f56bfc062723c751e8b465ee728b)  -> (artifact id: '111a9c3063ddb76872cc388ce133f672') in 0.016057 seconds
  Import took 0.041391 seconds .

========================================================================
Received Import Request.
  Time since last request: 3.442020 seconds.
  path: Assets/Scripts/Manager
  artifactKey: Guid(c4ab275bc6896924d989ef964ee53228) Importer(815301076,1909f56bfc062723c751e8b465ee728b)
Start importing Assets/Scripts/Manager using Guid(c4ab275bc6896924d989ef964ee53228) Importer(815301076,1909f56bfc062723c751e8b465ee728b)  -> (artifact id: '64c414386a9145a7f41358070b4ad3ff') in 0.020631 seconds
  Import took 0.041971 seconds .

========================================================================
Received Import Request.
  Time since last request: 4.599417 seconds.
  path: Assets/Scripts/Enemies/EnemySpecific/Enemy1/E1_ChargeState.cs
  artifactKey: Guid(eee42eaeda198b641afa6de53b9e41ed) Importer(815301076,1909f56bfc062723c751e8b465ee728b)
Start importing Assets/Scripts/Enemies/EnemySpecific/Enemy1/E1_ChargeState.cs using Guid(eee42eaeda198b641afa6de53b9e41ed) Importer(815301076,1909f56bfc062723c751e8b465ee728b)  -> (artifact id: 'c05e063736a00a731ffba4bdcff9f1de') in 0.024268 seconds
  Import took 0.031813 seconds .

========================================================================
Received Import Request.
  Time since last request: 4.996200 seconds.
  path: Assets/Scripts/Enemies/EnemySpecific/Enemy1/E1_MoveState.cs
  artifactKey: Guid(532d0396911161043a6a0c897f54433f) Importer(815301076,1909f56bfc062723c751e8b465ee728b)
Start importing Assets/Scripts/Enemies/EnemySpecific/Enemy1/E1_MoveState.cs using Guid(532d0396911161043a6a0c897f54433f) Importer(815301076,1909f56bfc062723c751e8b465ee728b)  -> (artifact id: 'b6584cdcfc75dc49a2d90f22c7df8740') in 0.023157 seconds
  Import took 0.042846 seconds .

AssetImportWorkerClient::OnTransportError - code=2 error=End of file
